# JRE version: OpenJDK Runtime Environment (11.0.6+10) (build 11.0.6+10-post-Ubuntu-1ubuntu118.04.1)
# Java VM: OpenJDK 64-Bit Server VM (11.0.6+10-post-Ubuntu-1ubuntu118.04.1, mixed mode, sharing, tiered, compressed oops, g1 gc, linux-amd64)
Heap:
 garbage-first heap   total 1108992K, used 322713K [0x0000000085200000, 0x0000000100000000)
  region size 1024K, 12 young (12288K), 12 survivors (12288K)
 Metaspace       used 70463K, capacity 72653K, committed 72908K, reserved 1112064K
  class space    used 9156K, capacity 9972K, committed 9984K, reserved 1048576K
GC Heap History (20 events):
Event: 73,932 GC heap after
{Heap after GC invocations=35 (full 0):
 garbage-first heap   total 299008K, used 177348K [0x0000000085200000, 0x0000000100000000)
  region size 1024K, 2 young (2048K), 2 survivors (2048K)
 Metaspace       used 70305K, capacity 72456K, committed 72652K, reserved 1112064K
  class space    used 9154K, capacity 9972K, committed 9984K, reserved 1048576K
}
Event: 74,281 GC heap before
{Heap before GC invocations=35 (full 0):
 garbage-first heap   total 299008K, used 230596K [0x0000000085200000, 0x0000000100000000)
  region size 1024K, 55 young (56320K), 2 survivors (2048K)
 Metaspace       used 70447K, capacity 72584K, committed 72652K, reserved 1112064K
  class space    used 9154K, capacity 9972K, committed 9984K, reserved 1048576K
}
Event: 74,301 GC heap after
{Heap after GC invocations=36 (full 0):
 garbage-first heap   total 299008K, used 193727K [0x0000000085200000, 0x0000000100000000)
  region size 1024K, 7 young (7168K), 7 survivors (7168K)
 Metaspace       used 70447K, capacity 72584K, committed 72652K, reserved 1112064K
  class space    used 9154K, capacity 9972K, committed 9984K, reserved 1048576K
}
Event: 74,538 GC heap before
{Heap before GC invocations=36 (full 0):
 garbage-first heap   total 299008K, used 234687K [0x0000000085200000, 0x0000000100000000)
  region size 1024K, 48 young (49152K), 7 survivors (7168K)
 Metaspace       used 70453K, capacity 72586K, committed 72652K, reserved 1112064K
  class space    used 9154K, capacity 9972K, committed 9984K, reserved 1048576K
}
Event: 74,556 GC heap after
{Heap after GC invocations=37 (full 0):
 garbage-first heap   total 299008K, used 205401K [0x0000000085200000, 0x0000000100000000)
  region size 1024K, 6 young (6144K), 6 survivors (6144K)
 Metaspace       used 70453K, capacity 72586K, committed 72652K, reserved 1112064K
  class space    used 9154K, capacity 9972K, committed 9984K, reserved 1048576K
}
Event: 74,788 GC heap before
{Heap before GC invocations=37 (full 0):
 garbage-first heap   total 299008K, used 240217K [0x0000000085200000, 0x0000000100000000)
  region size 1024K, 41 young (41984K), 6 survivors (6144K)
 Metaspace       used 70453K, capacity 72586K, committed 72652K, reserved 1112064K
  class space    used 9154K, capacity 9972K, committed 9984K, reserved 1048576K
}
Event: 74,805 GC heap after
{Heap after GC invocations=38 (full 0):
 garbage-first heap   total 299008K, used 215748K [0x0000000085200000, 0x0000000100000000)
  region size 1024K, 6 young (6144K), 6 survivors (6144K)
 Metaspace       used 70453K, capacity 72586K, committed 72652K, reserved 1112064K
  class space    used 9154K, capacity 9972K, committed 9984K, reserved 1048576K
}
Event: 74,940 GC heap before
{Heap before GC invocations=38 (full 0):
 garbage-first heap   total 299008K, used 243396K [0x0000000085200000, 0x0000000100000000)
  region size 1024K, 34 young (34816K), 6 survivors (6144K)
 Metaspace       used 70453K, capacity 72586K, committed 72652K, reserved 1112064K
  class space    used 9154K, capacity 9972K, committed 9984K, reserved 1048576K
}
Event: 74,956 GC heap after
{Heap after GC invocations=39 (full 0):
 garbage-first heap   total 299008K, used 227517K [0x0000000085200000, 0x0000000100000000)
  region size 1024K, 5 young (5120K), 5 survivors (5120K)
 Metaspace       used 70453K, capacity 72586K, committed 72652K, reserved 1112064K
  class space    used 9154K, capacity 9972K, committed 9984K, reserved 1048576K
}
Event: 75,066 GC heap before
{Heap before GC invocations=39 (full 0):
 garbage-first heap   total 299008K, used 247997K [0x0000000085200000, 0x0000000100000000)
  region size 1024K, 26 young (26624K), 5 survivors (5120K)
 Metaspace       used 70457K, capacity 72589K, committed 72652K, reserved 1112064K
  class space    used 9154K, capacity 9972K, committed 9984K, reserved 1048576K
}
Event: 75,083 GC heap after
{Heap after GC invocations=40 (full 0):
 garbage-first heap   total 299008K, used 235716K [0x0000000085200000, 0x0000000100000000)
  region size 1024K, 4 young (4096K), 4 survivors (4096K)
 Metaspace       used 70457K, capacity 72589K, committed 72652K, reserved 1112064K
  class space    used 9154K, capacity 9972K, committed 9984K, reserved 1048576K
}
Event: 75,151 GC heap before
{Heap before GC invocations=40 (full 0):
 garbage-first heap   total 299008K, used 251076K [0x0000000085200000, 0x0000000100000000)
  region size 1024K, 20 young (20480K), 4 survivors (4096K)
 Metaspace       used 70457K, capacity 72589K, committed 72652K, reserved 1112064K
  class space    used 9154K, capacity 9972K, committed 9984K, reserved 1048576K
}
Event: 75,250 GC heap after
{Heap after GC invocations=41 (full 0):
 garbage-first heap   total 504832K, used 241348K [0x0000000085200000, 0x0000000100000000)
  region size 1024K, 3 young (3072K), 3 survivors (3072K)
 Metaspace       used 70457K, capacity 72589K, committed 72652K, reserved 1112064K
  class space    used 9154K, capacity 9972K, committed 9984K, reserved 1048576K
}
Event: 76,064 GC heap before
{Heap before GC invocations=41 (full 0):
 garbage-first heap   total 504832K, used 356035K [0x0000000085200000, 0x0000000100000000)
  region size 1024K, 116 young (118784K), 3 survivors (3072K)
 Metaspace       used 70459K, capacity 72589K, committed 72652K, reserved 1112064K
  class space    used 9155K, capacity 9972K, committed 9984K, reserved 1048576K
}
Event: 76,877 GC heap after
{Heap after GC invocations=42 (full 0):
 garbage-first heap   total 504832K, used 276501K [0x0000000085200000, 0x0000000100000000)
  region size 1024K, 15 young (15360K), 15 survivors (15360K)
 Metaspace       used 70459K, capacity 72589K, committed 72652K, reserved 1112064K
  class space    used 9155K, capacity 9972K, committed 9984K, reserved 1048576K
}
Event: 76,974 GC heap before
{Heap before GC invocations=42 (full 0):
 garbage-first heap   total 504832K, used 301077K [0x0000000085200000, 0x0000000100000000)
  region size 1024K, 40 young (40960K), 15 survivors (15360K)
 Metaspace       used 70459K, capacity 72589K, committed 72652K, reserved 1112064K
  class space    used 9155K, capacity 9972K, committed 9984K, reserved 1048576K
}
Event: 77,000 GC heap after
{Heap after GC invocations=43 (full 0):
 garbage-first heap   total 504832K, used 282820K [0x0000000085200000, 0x0000000100000000)
  region size 1024K, 5 young (5120K), 5 survivors (5120K)
 Metaspace       used 70459K, capacity 72589K, committed 72652K, reserved 1112064K
  class space    used 9155K, capacity 9972K, committed 9984K, reserved 1048576K
}
Event: 77,569 GC heap before
{Heap before GC invocations=43 (full 0):
 garbage-first heap   total 504832K, used 344260K [0x0000000085200000, 0x0000000100000000)
  region size 1024K, 66 young (67584K), 5 survivors (5120K)
 Metaspace       used 70462K, capacity 72653K, committed 72908K, reserved 1112064K
  class space    used 9155K, capacity 9972K, committed 9984K, reserved 1048576K
}
Event: 77,590 GC heap after
{Heap after GC invocations=44 (full 0):
 garbage-first heap   total 504832K, used 294596K [0x0000000085200000, 0x0000000100000000)
  region size 1024K, 9 young (9216K), 9 survivors (9216K)
 Metaspace       used 70462K, capacity 72653K, committed 72908K, reserved 1112064K
  class space    used 9155K, capacity 9972K, committed 9984K, reserved 1048576K
}
Event: 78,355 GC heap before
{Heap before GC invocations=44 (full 0):
 garbage-first heap   total 504832K, used 375492K [0x0000000085200000, 0x0000000100000000)
  region size 1024K, 89 young (91136K), 9 survivors (9216K)
 Metaspace       used 70463K, capacity 72653K, committed 72908K, reserved 1112064K
  class space    used 9156K, capacity 9972K, committed 9984K, reserved 1048576K
}

